f:\c++project\gamedemocore\贪吃蛇\gamecore1\gamecore\release\main.obj
f:\c++project\gamedemocore\贪吃蛇\gamecore1\gamecore\release\vc100.pdb
f:\c++test\9.3贪吃蛇\gamecore1\gamecore\release\main.obj
f:\c++test\9.3贪吃蛇\gamecore1\gamecore\release\vc100.pdb
f:\c++project\gamedemocore\贪吃蛇\gamecore1\release\gamecore.exe
f:\c++project\gamedemocore\贪吃蛇\gamecore1\gamecore\release\gamecore.exe.intermediate.manifest
f:\c++project\gamedemocore\贪吃蛇\gamecore1\release\gamecore.pdb
f:\c++test\9.3贪吃蛇\gamecore1\release\gamecore.exe
f:\c++test\9.3贪吃蛇\gamecore1\gamecore\release\gamecore.exe.intermediate.manifest
f:\c++test\9.3贪吃蛇\gamecore1\release\gamecore.pdb
f:\c++test\9.3贪吃蛇\gamecore1\gamecore\release\vc141.pdb
f:\c++test\9.3贪吃蛇\gamecore1\gamecore\release\gamecore.vcxprojresolveassemblyreference.cache
f:\c++test\9.3贪吃蛇\gamecore1\gamecore\release\cl.command.1.tlog
f:\c++test\9.3贪吃蛇\gamecore1\gamecore\release\cl.read.1.tlog
f:\c++test\9.3贪吃蛇\gamecore1\gamecore\release\cl.write.1.tlog
f:\c++test\9.3贪吃蛇\gamecore1\gamecore\release\gamecore.write.1.tlog
f:\c++test\9.3贪吃蛇\gamecore1\gamecore\release\link.command.1.tlog
f:\c++test\9.3贪吃蛇\gamecore1\gamecore\release\link.read.1.tlog
f:\c++test\9.3贪吃蛇\gamecore1\gamecore\release\link.write.1.tlog
f:\c++test\9.3贪吃蛇\gamecore1\gamecore\release\mt.command.1.tlog
f:\c++test\9.3贪吃蛇\gamecore1\gamecore\release\mt.read.1.tlog
f:\c++test\9.3贪吃蛇\gamecore1\gamecore\release\mt.write.1.tlog
f:\c++test\9.3贪吃蛇\gamecore1\gamecore\release\gamecore.tlog\cl.command.1.tlog
f:\c++test\9.3贪吃蛇\gamecore1\gamecore\release\gamecore.tlog\cl.read.1.tlog
f:\c++test\9.3贪吃蛇\gamecore1\gamecore\release\gamecore.tlog\cl.write.1.tlog
f:\c++test\9.3贪吃蛇\gamecore1\gamecore\release\gamecore.tlog\link-cvtres.read.1.tlog
f:\c++test\9.3贪吃蛇\gamecore1\gamecore\release\gamecore.tlog\link-cvtres.write.1.tlog
f:\c++test\9.3贪吃蛇\gamecore1\gamecore\release\gamecore.tlog\link-rc.read.1.tlog
f:\c++test\9.3贪吃蛇\gamecore1\gamecore\release\gamecore.tlog\link-rc.write.1.tlog
f:\c++test\9.3贪吃蛇\gamecore1\gamecore\release\gamecore.tlog\link.command.1.tlog
f:\c++test\9.3贪吃蛇\gamecore1\gamecore\release\gamecore.tlog\link.read.1.tlog
f:\c++test\9.3贪吃蛇\gamecore1\gamecore\release\gamecore.tlog\link.write.1.tlog
